<?xml version="1.0" encoding="UTF-8"?>
<!-- Generated by org.testng.reporters.JUnitXMLReporter -->
<testsuite ignored="0" hostname="Lenovo" failures="0" tests="8" name="Default test" time="0.32" errors="0" timestamp="2024-06-08T08:58:41 IST">
  <testcase classname="org.openmrs.demo.TestNGTests" name="registerPatient" time="0.018"/>
  <testcase classname="org.openmrs.demo.TestNGTests" name="findPatient" time="0.006"/>
  <testcase classname="org.openmrs.demo.TestNGTests" name="activeVistsAndAddAttachments" time="0.014"/>
  <testcase classname="org.openmrs.demo.TestNGTests" name="deletePatient" time="0.006"/>
  <testcase classname="org.openmrs.demo.TestNGTests" name="deletePatient" time="0.006"/>
  <testcase classname="org.openmrs.demo.TestNGTests" name="deletePatient" time="0.005"/>
  <testcase classname="org.openmrs.demo.TestNGTests" name="deletePatient" time="0.01"/>
  <testcase classname="org.openmrs.demo.TestNGTests" name="deletePatient" time="0.02"/>
</testsuite> <!-- Default test -->
