<?xml version="1.0" encoding="UTF-8"?>
<!-- Generated by org.testng.reporters.JUnitXMLReporter -->
<testsuite ignored="1" hostname="Lenovo" failures="3" tests="3" name="Test" time="193.472" errors="0" timestamp="2024-06-11T09:42:33 IST">
  <testcase classname="org.openmrs.demo.OpenMRSDataDrivenTest" name="registerPatientTest" time="17.037">
    <failure type="java.lang.AssertionError" message="expected [true] but found [false]">
      <![CDATA[java.lang.AssertionError: expected [true] but found [false]
at org.openmrs.demo.OpenMRSDataDrivenTest.registerPatientTest(OpenMRSDataDrivenTest.java:27)
at java.base/java.util.ArrayList.forEach(ArrayList.java:1541)
... Removed 31 stack frames]]>
    </failure>
  </testcase> <!-- registerPatientTest -->
  <testcase classname="org.openmrs.demo.OpenMRSDataDrivenTest" name="registerPatientTest" time="8.022">
    <failure type="java.lang.AssertionError" message="expected [true] but found [false]">
      <![CDATA[java.lang.AssertionError: expected [true] but found [false]
at org.openmrs.demo.OpenMRSDataDrivenTest.registerPatientTest(OpenMRSDataDrivenTest.java:27)
at java.base/java.util.ArrayList.forEach(ArrayList.java:1541)
... Removed 31 stack frames]]>
    </failure>
  </testcase> <!-- registerPatientTest -->
  <testcase classname="org.openmrs.demo.OpenMRSDataDrivenTest" name="registerPatientTest" time="7.714">
    <failure type="java.lang.AssertionError" message="expected [true] but found [false]">
      <![CDATA[java.lang.AssertionError: expected [true] but found [false]
at org.openmrs.demo.OpenMRSDataDrivenTest.registerPatientTest(OpenMRSDataDrivenTest.java:27)
at java.base/java.util.ArrayList.forEach(ArrayList.java:1541)
... Removed 31 stack frames]]>
    </failure>
  </testcase> <!-- registerPatientTest -->
  <testcase classname="org.openmrs.demo.OpenMRSDataDrivenTest" name="registerPatientTestData" time="0.0">
    <ignored/>
  </testcase> <!-- registerPatientTestData -->
</testsuite> <!-- Test -->
