<?xml version="1.0" encoding="UTF-8"?>
<!-- Generated by org.testng.reporters.JUnitXMLReporter -->
<testsuite ignored="4" hostname="Lenovo" failures="0" tests="3" name="Test" time="150.545" errors="0" timestamp="2024-06-12T09:47:15 IST">
  <testcase classname="org.openmrs.demo.OpenMrsKeywordAndDataDrivenTestCases" name="registerPatientTest" time="19.154"/>
  <testcase classname="org.openmrs.demo.OpenMrsKeywordAndDataDrivenTestCases" name="registerPatientTest" time="11.899"/>
  <testcase classname="org.openmrs.demo.OpenMrsKeywordAndDataDrivenTestCases" name="registerPatientTest" time="11.882"/>
  <testcase classname="org.openmrs.demo.OpenMrsKeywordAndDataDrivenTestCases" name="getTestData" time="0.0">
    <ignored/>
  </testcase> <!-- getTestData -->
  <testcase classname="org.openmrs.demo.OpenMrsKeywordAndDataDrivenTestCases" name="activeVisitsAndAddAttachementsTest" time="0.0">
    <ignored/>
  </testcase> <!-- activeVisitsAndAddAttachementsTest -->
  <testcase classname="org.openmrs.demo.OpenMrsKeywordAndDataDrivenTestCases" name="findPatientTest" time="0.0">
    <ignored/>
  </testcase> <!-- findPatientTest -->
  <testcase classname="org.openmrs.demo.OpenMrsKeywordAndDataDrivenTestCases" name="deletePatientTest" time="0.0">
    <ignored/>
  </testcase> <!-- deletePatientTest -->
</testsuite> <!-- Test -->
