<?xml version="1.0" encoding="UTF-8"?>
<testng-results ignored="0" total="4" passed="4" failed="0" skipped="0">
  <reporter-output>
    <line>
      <![CDATA[<img src="C:\Users\RAJU CHELLE\git\repository4\SeleniumJavaMavenProject//src/main//resources//screenshots//20245608095610.jpg" />]]>
    </line>
    <line>
      <![CDATA[<img src="C:\Users\RAJU CHELLE\git\repository4\SeleniumJavaMavenProject//src/main//resources//screenshots//20245608095630.jpg" />]]>
    </line>
    <line>
      <![CDATA[<img src="C:\Users\RAJU CHELLE\git\repository4\SeleniumJavaMavenProject//src/main//resources//screenshots//20245708095727.jpg" />]]>
    </line>
    <line>
      <![CDATA[<img src="C:\Users\RAJU CHELLE\git\repository4\SeleniumJavaMavenProject//src/main//resources//screenshots//20245708095735.jpg" />]]>
    </line>
    <line>
      <![CDATA[<img src="C:\Users\RAJU CHELLE\git\repository4\SeleniumJavaMavenProject//src/main//resources//screenshots//20245808095807.jpg" />]]>
    </line>
    <line>
      <![CDATA[<img src="C:\Users\RAJU CHELLE\git\repository4\SeleniumJavaMavenProject//src/main//resources//screenshots//20245808095818.jpg" />]]>
    </line>
    <line>
      <![CDATA[<img src="C:\Users\RAJU CHELLE\git\repository4\SeleniumJavaMavenProject//src/main//resources//screenshots//20245908095911.jpg" />]]>
    </line>
    <line>
      <![CDATA[<img src="C:\Users\RAJU CHELLE\git\repository4\SeleniumJavaMavenProject//src/main//resources//screenshots//20240008100001.jpg" />]]>
    </line>
    <line>
      <![CDATA[<img src="C:\Users\RAJU CHELLE\git\repository4\SeleniumJavaMavenProject//src/main//resources//screenshots//20240008100007.jpg" />]]>
    </line>
    <line>
      <![CDATA[<img src="C:\Users\RAJU CHELLE\git\repository4\SeleniumJavaMavenProject//src/main//resources//screenshots//20240008100023.jpg" />]]>
    </line>
  </reporter-output>
  <suite started-at="2024-06-08T09:53:26 IST" name="Suite" finished-at="2024-06-08T10:00:42 IST" duration-ms="435592">
    <groups>
      <group name="SmokeTest">
        <method signature="OpenMrsTestNgTestCases.registerPatientTest()[pri:0, instance:org.openmrs.demo.OpenMrsTestNgTestCases@47e2e487]" name="registerPatientTest" class="org.openmrs.demo.OpenMrsTestNgTestCases"/>
      </group> <!-- SmokeTest -->
      <group name="SanityTest">
        <method signature="OpenMrsTestNgTestCases.findPatientTest()[pri:0, instance:org.openmrs.demo.OpenMrsTestNgTestCases@47e2e487]" name="findPatientTest" class="org.openmrs.demo.OpenMrsTestNgTestCases"/>
      </group> <!-- SanityTest -->
      <group name="Sanity">
        <method signature="OpenMrsTestNgTestCases.activeVisitsAndAddAttachementsTest()[pri:0, instance:org.openmrs.demo.OpenMrsTestNgTestCases@47e2e487]" name="activeVisitsAndAddAttachementsTest" class="org.openmrs.demo.OpenMrsTestNgTestCases"/>
      </group> <!-- Sanity -->
      <group name="RegressionTest">
        <method signature="OpenMrsTestNgTestCases.activeVisitsAndAddAttachementsTest()[pri:0, instance:org.openmrs.demo.OpenMrsTestNgTestCases@47e2e487]" name="activeVisitsAndAddAttachementsTest" class="org.openmrs.demo.OpenMrsTestNgTestCases"/>
        <method signature="OpenMrsTestNgTestCases.deletePatientTest()[pri:0, instance:org.openmrs.demo.OpenMrsTestNgTestCases@47e2e487]" name="deletePatientTest" class="org.openmrs.demo.OpenMrsTestNgTestCases"/>
        <method signature="OpenMrsTestNgTestCases.findPatientTest()[pri:0, instance:org.openmrs.demo.OpenMrsTestNgTestCases@47e2e487]" name="findPatientTest" class="org.openmrs.demo.OpenMrsTestNgTestCases"/>
        <method signature="OpenMrsTestNgTestCases.registerPatientTest()[pri:0, instance:org.openmrs.demo.OpenMrsTestNgTestCases@47e2e487]" name="registerPatientTest" class="org.openmrs.demo.OpenMrsTestNgTestCases"/>
      </group> <!-- RegressionTest -->
    </groups>
    <test started-at="2024-06-08T09:53:26 IST" name="Test" finished-at="2024-06-08T10:00:42 IST" duration-ms="435592">
      <class name="org.openmrs.demo.OpenMrsTestNgTestCases">
        <test-method is-config="true" signature="beforeSuite()[pri:0, instance:org.openmrs.demo.OpenMrsTestNgTestCases@47e2e487]" started-at="2024-06-08T09:53:26 IST" name="beforeSuite" finished-at="2024-06-08T09:53:26 IST" duration-ms="59" status="PASS">
          <reporter-output>
          </reporter-output>
        </test-method> <!-- beforeSuite -->
        <test-method is-config="true" signature="beforeTest()[pri:0, instance:org.openmrs.demo.OpenMrsTestNgTestCases@47e2e487]" started-at="2024-06-08T09:53:26 IST" name="beforeTest" finished-at="2024-06-08T09:53:32 IST" duration-ms="5334" status="PASS">
          <reporter-output>
          </reporter-output>
        </test-method> <!-- beforeTest -->
        <test-method is-config="true" signature="beforeClass()[pri:0, instance:org.openmrs.demo.OpenMrsTestNgTestCases@47e2e487]" started-at="2024-06-08T09:53:32 IST" name="beforeClass" finished-at="2024-06-08T09:54:59 IST" duration-ms="87337" status="PASS">
          <reporter-output>
          </reporter-output>
        </test-method> <!-- beforeClass -->
        <test-method is-config="true" signature="beforeMethod(java.lang.String,java.lang.String)[pri:0, instance:org.openmrs.demo.OpenMrsTestNgTestCases@47e2e487]" started-at="2024-06-08T09:54:59 IST" name="beforeMethod" finished-at="2024-06-08T09:55:28 IST" duration-ms="28625" status="PASS">
          <params>
            <param index="0">
              <value>
                <![CDATA[Admin]]>
              </value>
            </param>
            <param index="1">
              <value>
                <![CDATA[Admin123]]>
              </value>
            </param>
          </params>
          <reporter-output>
          </reporter-output>
        </test-method> <!-- beforeMethod -->
        <test-method signature="registerPatientTest()[pri:0, instance:org.openmrs.demo.OpenMrsTestNgTestCases@47e2e487]" started-at="2024-06-08T09:55:28 IST" name="registerPatientTest" finished-at="2024-06-08T09:56:30 IST" duration-ms="62339" status="PASS">
          <reporter-output>
            <line>
              <![CDATA[<img src="C:\Users\RAJU CHELLE\git\repository4\SeleniumJavaMavenProject//src/main//resources//screenshots//20245608095610.jpg" />]]>
            </line>
            <line>
              <![CDATA[<img src="C:\Users\RAJU CHELLE\git\repository4\SeleniumJavaMavenProject//src/main//resources//screenshots//20245608095630.jpg" />]]>
            </line>
          </reporter-output>
        </test-method> <!-- registerPatientTest -->
        <test-method is-config="true" signature="afterMethod()[pri:0, instance:org.openmrs.demo.OpenMrsTestNgTestCases@47e2e487]" started-at="2024-06-08T09:56:30 IST" name="afterMethod" finished-at="2024-06-08T09:56:48 IST" duration-ms="17760" status="PASS">
          <reporter-output>
          </reporter-output>
        </test-method> <!-- afterMethod -->
        <test-method is-config="true" signature="beforeMethod(java.lang.String,java.lang.String)[pri:0, instance:org.openmrs.demo.OpenMrsTestNgTestCases@47e2e487]" started-at="2024-06-08T09:56:48 IST" name="beforeMethod" finished-at="2024-06-08T09:56:56 IST" duration-ms="7892" status="PASS">
          <params>
            <param index="0">
              <value>
                <![CDATA[Admin]]>
              </value>
            </param>
            <param index="1">
              <value>
                <![CDATA[Admin123]]>
              </value>
            </param>
          </params>
          <reporter-output>
          </reporter-output>
        </test-method> <!-- beforeMethod -->
        <test-method signature="findPatientTest()[pri:0, instance:org.openmrs.demo.OpenMrsTestNgTestCases@47e2e487]" started-at="2024-06-08T09:56:56 IST" name="findPatientTest" finished-at="2024-06-08T09:57:35 IST" duration-ms="39099" status="PASS">
          <reporter-output>
            <line>
              <![CDATA[<img src="C:\Users\RAJU CHELLE\git\repository4\SeleniumJavaMavenProject//src/main//resources//screenshots//20245708095727.jpg" />]]>
            </line>
            <line>
              <![CDATA[<img src="C:\Users\RAJU CHELLE\git\repository4\SeleniumJavaMavenProject//src/main//resources//screenshots//20245708095735.jpg" />]]>
            </line>
          </reporter-output>
        </test-method> <!-- findPatientTest -->
        <test-method is-config="true" signature="afterMethod()[pri:0, instance:org.openmrs.demo.OpenMrsTestNgTestCases@47e2e487]" started-at="2024-06-08T09:57:35 IST" name="afterMethod" finished-at="2024-06-08T09:57:53 IST" duration-ms="18590" status="PASS">
          <reporter-output>
          </reporter-output>
        </test-method> <!-- afterMethod -->
        <test-method is-config="true" signature="beforeMethod(java.lang.String,java.lang.String)[pri:0, instance:org.openmrs.demo.OpenMrsTestNgTestCases@47e2e487]" started-at="2024-06-08T09:57:53 IST" name="beforeMethod" finished-at="2024-06-08T09:58:00 IST" duration-ms="6251" status="PASS">
          <params>
            <param index="0">
              <value>
                <![CDATA[Admin]]>
              </value>
            </param>
            <param index="1">
              <value>
                <![CDATA[Admin123]]>
              </value>
            </param>
          </params>
          <reporter-output>
          </reporter-output>
        </test-method> <!-- beforeMethod -->
        <test-method signature="activeVisitsAndAddAttachementsTest()[pri:0, instance:org.openmrs.demo.OpenMrsTestNgTestCases@47e2e487]" started-at="2024-06-08T09:58:00 IST" name="activeVisitsAndAddAttachementsTest" finished-at="2024-06-08T09:59:27 IST" duration-ms="87365" status="PASS">
          <reporter-output>
            <line>
              <![CDATA[<img src="C:\Users\RAJU CHELLE\git\repository4\SeleniumJavaMavenProject//src/main//resources//screenshots//20245808095807.jpg" />]]>
            </line>
            <line>
              <![CDATA[<img src="C:\Users\RAJU CHELLE\git\repository4\SeleniumJavaMavenProject//src/main//resources//screenshots//20245808095818.jpg" />]]>
            </line>
            <line>
              <![CDATA[<img src="C:\Users\RAJU CHELLE\git\repository4\SeleniumJavaMavenProject//src/main//resources//screenshots//20245908095911.jpg" />]]>
            </line>
          </reporter-output>
        </test-method> <!-- activeVisitsAndAddAttachementsTest -->
        <test-method is-config="true" signature="afterMethod()[pri:0, instance:org.openmrs.demo.OpenMrsTestNgTestCases@47e2e487]" started-at="2024-06-08T09:59:27 IST" name="afterMethod" finished-at="2024-06-08T09:59:45 IST" duration-ms="17981" status="PASS">
          <reporter-output>
          </reporter-output>
        </test-method> <!-- afterMethod -->
        <test-method is-config="true" signature="beforeMethod(java.lang.String,java.lang.String)[pri:0, instance:org.openmrs.demo.OpenMrsTestNgTestCases@47e2e487]" started-at="2024-06-08T09:59:45 IST" name="beforeMethod" finished-at="2024-06-08T09:59:50 IST" duration-ms="5488" status="PASS">
          <params>
            <param index="0">
              <value>
                <![CDATA[Admin]]>
              </value>
            </param>
            <param index="1">
              <value>
                <![CDATA[Admin123]]>
              </value>
            </param>
          </params>
          <reporter-output>
          </reporter-output>
        </test-method> <!-- beforeMethod -->
        <test-method signature="deletePatientTest()[pri:0, instance:org.openmrs.demo.OpenMrsTestNgTestCases@47e2e487]" started-at="2024-06-08T09:59:50 IST" name="deletePatientTest" finished-at="2024-06-08T10:00:23 IST" duration-ms="32236" status="PASS">
          <reporter-output>
            <line>
              <![CDATA[<img src="C:\Users\RAJU CHELLE\git\repository4\SeleniumJavaMavenProject//src/main//resources//screenshots//20240008100001.jpg" />]]>
            </line>
            <line>
              <![CDATA[<img src="C:\Users\RAJU CHELLE\git\repository4\SeleniumJavaMavenProject//src/main//resources//screenshots//20240008100007.jpg" />]]>
            </line>
            <line>
              <![CDATA[<img src="C:\Users\RAJU CHELLE\git\repository4\SeleniumJavaMavenProject//src/main//resources//screenshots//20240008100023.jpg" />]]>
            </line>
          </reporter-output>
        </test-method> <!-- deletePatientTest -->
        <test-method is-config="true" signature="afterMethod()[pri:0, instance:org.openmrs.demo.OpenMrsTestNgTestCases@47e2e487]" started-at="2024-06-08T10:00:23 IST" name="afterMethod" finished-at="2024-06-08T10:00:40 IST" duration-ms="17797" status="PASS">
          <reporter-output>
          </reporter-output>
        </test-method> <!-- afterMethod -->
        <test-method is-config="true" signature="afterClass()[pri:0, instance:org.openmrs.demo.OpenMrsTestNgTestCases@47e2e487]" started-at="2024-06-08T10:00:40 IST" name="afterClass" finished-at="2024-06-08T10:00:40 IST" duration-ms="0" status="PASS">
          <reporter-output>
          </reporter-output>
        </test-method> <!-- afterClass -->
        <test-method is-config="true" signature="afterTest()[pri:0, instance:org.openmrs.demo.OpenMrsTestNgTestCases@47e2e487]" started-at="2024-06-08T10:00:40 IST" name="afterTest" finished-at="2024-06-08T10:00:42 IST" duration-ms="1308" status="PASS">
          <reporter-output>
          </reporter-output>
        </test-method> <!-- afterTest -->
        <test-method is-config="true" signature="afterSuite()[pri:0, instance:org.openmrs.demo.OpenMrsTestNgTestCases@47e2e487]" started-at="2024-06-08T10:00:42 IST" name="afterSuite" finished-at="2024-06-08T10:00:42 IST" duration-ms="1" status="PASS">
          <reporter-output>
          </reporter-output>
        </test-method> <!-- afterSuite -->
      </class> <!-- org.openmrs.demo.OpenMrsTestNgTestCases -->
    </test> <!-- Test -->
  </suite> <!-- Suite -->
</testng-results>
